2022-12-29 08:44:11 [restartedMain] INFO  c.u.s.SportswearBeApplication - Starting SportswearBeApplication using Java 1.8.0_352 on zero-Inspiron-7537 with PID 8450 (/home/zero/Workspace/courses/kltn/sportswear-be/target/classes started by zero in /home/zero/Workspace/courses/kltn/sportswear-be)
2022-12-29 08:44:12 [restartedMain] INFO  c.u.s.SportswearBeApplication - No active profile set, falling back to 1 default profile: "default"
2022-12-29 08:44:12 [restartedMain] INFO  o.s.b.d.e.DevToolsPropertyDefaultsPostProcessor - Devtools property defaults active! Set 'spring.devtools.add-properties' to 'false' to disable
2022-12-29 08:44:12 [restartedMain] INFO  o.s.b.d.e.DevToolsPropertyDefaultsPostProcessor - For additional web related logging consider setting the 'logging.level.web' property to 'DEBUG'
2022-12-29 08:44:13 [restartedMain] INFO  o.s.d.r.c.RepositoryConfigurationDelegate - Bootstrapping Spring Data MongoDB repositories in DEFAULT mode.
2022-12-29 08:44:14 [restartedMain] INFO  o.s.d.r.c.RepositoryConfigurationDelegate - Finished Spring Data repository scanning in 78 ms. Found 5 MongoDB repository interfaces.
2022-12-29 08:44:14 [restartedMain] INFO  o.s.b.w.e.tomcat.TomcatWebServer - Tomcat initialized with port(s): 8080 (http)
2022-12-29 08:44:14 [restartedMain] INFO  o.a.c.core.AprLifecycleListener - Loaded Apache Tomcat Native library [1.2.31] using APR version [1.7.0].
2022-12-29 08:44:14 [restartedMain] INFO  o.a.c.core.AprLifecycleListener - APR capabilities: IPv6 [true], sendfile [true], accept filters [false], random [true], UDS [true].
2022-12-29 08:44:14 [restartedMain] INFO  o.a.c.core.AprLifecycleListener - APR/OpenSSL configuration: useAprConnector [false], useOpenSSL [true]
2022-12-29 08:44:14 [restartedMain] INFO  o.a.c.core.AprLifecycleListener - OpenSSL successfully initialized [OpenSSL 3.0.2 15 Mar 2022]
2022-12-29 08:44:14 [restartedMain] INFO  o.a.catalina.core.StandardService - Starting service [Tomcat]
2022-12-29 08:44:14 [restartedMain] INFO  o.a.catalina.core.StandardEngine - Starting Servlet engine: [Apache Tomcat/9.0.62]
2022-12-29 08:44:14 [restartedMain] INFO  o.a.c.c.C.[Tomcat].[localhost].[/] - Initializing Spring embedded WebApplicationContext
2022-12-29 08:44:14 [restartedMain] INFO  o.s.b.w.s.c.ServletWebServerApplicationContext - Root WebApplicationContext: initialization completed in 2786 ms
2022-12-29 08:44:15 [restartedMain] INFO  org.mongodb.driver.cluster - Cluster created with settings {hosts=[127.0.0.1:27017], srvHost=cluster0.7hkjpog.mongodb.net, mode=MULTIPLE, requiredClusterType=REPLICA_SET, serverSelectionTimeout='30000 ms', requiredReplicaSetName='atlas-qln38k-shard-0'}
2022-12-29 08:44:15 [cluster-ClusterId{value='63acf0ef9641670c34dd6678', description='null'}-srv-cluster0.7hkjpog.mongodb.net] INFO  org.mongodb.driver.cluster - Adding discovered server ac-g67d8iu-shard-00-00.7hkjpog.mongodb.net:27017 to client view of cluster
2022-12-29 08:44:15 [cluster-ClusterId{value='63acf0ef9641670c34dd6678', description='null'}-srv-cluster0.7hkjpog.mongodb.net] INFO  org.mongodb.driver.cluster - Adding discovered server ac-g67d8iu-shard-00-02.7hkjpog.mongodb.net:27017 to client view of cluster
2022-12-29 08:44:15 [cluster-ClusterId{value='63acf0ef9641670c34dd6678', description='null'}-srv-cluster0.7hkjpog.mongodb.net] INFO  org.mongodb.driver.cluster - Adding discovered server ac-g67d8iu-shard-00-01.7hkjpog.mongodb.net:27017 to client view of cluster
2022-12-29 08:44:16 [restartedMain] INFO  o.s.b.d.a.OptionalLiveReloadServer - LiveReload server is running on port 35729
2022-12-29 08:44:16 [cluster-rtt-ClusterId{value='63acf0ef9641670c34dd6678', description='null'}-ac-g67d8iu-shard-00-00.7hkjpog.mongodb.net:27017] INFO  org.mongodb.driver.connection - Opened connection [connectionId{localValue:6, serverValue:726994}] to ac-g67d8iu-shard-00-00.7hkjpog.mongodb.net:27017
2022-12-29 08:44:16 [cluster-rtt-ClusterId{value='63acf0ef9641670c34dd6678', description='null'}-ac-g67d8iu-shard-00-02.7hkjpog.mongodb.net:27017] INFO  org.mongodb.driver.connection - Opened connection [connectionId{localValue:3, serverValue:737336}] to ac-g67d8iu-shard-00-02.7hkjpog.mongodb.net:27017
2022-12-29 08:44:16 [cluster-ClusterId{value='63acf0ef9641670c34dd6678', description='null'}-ac-g67d8iu-shard-00-00.7hkjpog.mongodb.net:27017] INFO  org.mongodb.driver.connection - Opened connection [connectionId{localValue:1, serverValue:726994}] to ac-g67d8iu-shard-00-00.7hkjpog.mongodb.net:27017
2022-12-29 08:44:16 [cluster-rtt-ClusterId{value='63acf0ef9641670c34dd6678', description='null'}-ac-g67d8iu-shard-00-01.7hkjpog.mongodb.net:27017] INFO  org.mongodb.driver.connection - Opened connection [connectionId{localValue:4, serverValue:725074}] to ac-g67d8iu-shard-00-01.7hkjpog.mongodb.net:27017
2022-12-29 08:44:16 [cluster-ClusterId{value='63acf0ef9641670c34dd6678', description='null'}-ac-g67d8iu-shard-00-01.7hkjpog.mongodb.net:27017] INFO  org.mongodb.driver.connection - Opened connection [connectionId{localValue:5, serverValue:725074}] to ac-g67d8iu-shard-00-01.7hkjpog.mongodb.net:27017
2022-12-29 08:44:16 [cluster-ClusterId{value='63acf0ef9641670c34dd6678', description='null'}-ac-g67d8iu-shard-00-00.7hkjpog.mongodb.net:27017] INFO  org.mongodb.driver.cluster - Monitor thread successfully connected to server with description ServerDescription{address=ac-g67d8iu-shard-00-00.7hkjpog.mongodb.net:27017, type=REPLICA_SET_SECONDARY, state=CONNECTED, ok=true, minWireVersion=0, maxWireVersion=13, maxDocumentSize=16777216, logicalSessionTimeoutMinutes=30, roundTripTimeNanos=513866844, setName='atlas-qln38k-shard-0', canonicalAddress=ac-g67d8iu-shard-00-00.7hkjpog.mongodb.net:27017, hosts=[ac-g67d8iu-shard-00-00.7hkjpog.mongodb.net:27017, ac-g67d8iu-shard-00-01.7hkjpog.mongodb.net:27017, ac-g67d8iu-shard-00-02.7hkjpog.mongodb.net:27017], passives=[], arbiters=[], primary='ac-g67d8iu-shard-00-02.7hkjpog.mongodb.net:27017', tagSet=TagSet{[Tag{name='nodeType', value='ELECTABLE'}, Tag{name='provider', value='AWS'}, Tag{name='region', value='AP_EAST_1'}, Tag{name='workloadType', value='OPERATIONAL'}]}, electionId=null, setVersion=2, topologyVersion=TopologyVersion{processId=637cd6bc7c452a27c1731728, counter=4}, lastWriteDate=Thu Dec 29 08:44:16 ICT 2022, lastUpdateTimeNanos=1259420705376}
2022-12-29 08:44:16 [cluster-ClusterId{value='63acf0ef9641670c34dd6678', description='null'}-ac-g67d8iu-shard-00-02.7hkjpog.mongodb.net:27017] INFO  org.mongodb.driver.connection - Opened connection [connectionId{localValue:2, serverValue:737336}] to ac-g67d8iu-shard-00-02.7hkjpog.mongodb.net:27017
2022-12-29 08:44:16 [cluster-ClusterId{value='63acf0ef9641670c34dd6678', description='null'}-ac-g67d8iu-shard-00-01.7hkjpog.mongodb.net:27017] INFO  org.mongodb.driver.cluster - Monitor thread successfully connected to server with description ServerDescription{address=ac-g67d8iu-shard-00-01.7hkjpog.mongodb.net:27017, type=REPLICA_SET_SECONDARY, state=CONNECTED, ok=true, minWireVersion=0, maxWireVersion=13, maxDocumentSize=16777216, logicalSessionTimeoutMinutes=30, roundTripTimeNanos=510298175, setName='atlas-qln38k-shard-0', canonicalAddress=ac-g67d8iu-shard-00-01.7hkjpog.mongodb.net:27017, hosts=[ac-g67d8iu-shard-00-00.7hkjpog.mongodb.net:27017, ac-g67d8iu-shard-00-01.7hkjpog.mongodb.net:27017, ac-g67d8iu-shard-00-02.7hkjpog.mongodb.net:27017], passives=[], arbiters=[], primary='ac-g67d8iu-shard-00-02.7hkjpog.mongodb.net:27017', tagSet=TagSet{[Tag{name='nodeType', value='ELECTABLE'}, Tag{name='provider', value='AWS'}, Tag{name='region', value='AP_EAST_1'}, Tag{name='workloadType', value='OPERATIONAL'}]}, electionId=null, setVersion=2, topologyVersion=TopologyVersion{processId=637cd763c74c695eeb830f5b, counter=3}, lastWriteDate=Thu Dec 29 08:44:16 ICT 2022, lastUpdateTimeNanos=1259418988256}
2022-12-29 08:44:17 [cluster-ClusterId{value='63acf0ef9641670c34dd6678', description='null'}-ac-g67d8iu-shard-00-02.7hkjpog.mongodb.net:27017] INFO  org.mongodb.driver.cluster - Monitor thread successfully connected to server with description ServerDescription{address=ac-g67d8iu-shard-00-02.7hkjpog.mongodb.net:27017, type=REPLICA_SET_PRIMARY, state=CONNECTED, ok=true, minWireVersion=0, maxWireVersion=13, maxDocumentSize=16777216, logicalSessionTimeoutMinutes=30, roundTripTimeNanos=395162715, setName='atlas-qln38k-shard-0', canonicalAddress=ac-g67d8iu-shard-00-02.7hkjpog.mongodb.net:27017, hosts=[ac-g67d8iu-shard-00-00.7hkjpog.mongodb.net:27017, ac-g67d8iu-shard-00-01.7hkjpog.mongodb.net:27017, ac-g67d8iu-shard-00-02.7hkjpog.mongodb.net:27017], passives=[], arbiters=[], primary='ac-g67d8iu-shard-00-02.7hkjpog.mongodb.net:27017', tagSet=TagSet{[Tag{name='nodeType', value='ELECTABLE'}, Tag{name='provider', value='AWS'}, Tag{name='region', value='AP_EAST_1'}, Tag{name='workloadType', value='OPERATIONAL'}]}, electionId=7fffffff0000000000000017, setVersion=2, topologyVersion=TopologyVersion{processId=637cd710853929b347c52850, counter=6}, lastWriteDate=Thu Dec 29 08:44:16 ICT 2022, lastUpdateTimeNanos=1259425963329}
2022-12-29 08:44:17 [cluster-ClusterId{value='63acf0ef9641670c34dd6678', description='null'}-ac-g67d8iu-shard-00-02.7hkjpog.mongodb.net:27017] INFO  org.mongodb.driver.cluster - Setting max election id to 7fffffff0000000000000017 from replica set primary ac-g67d8iu-shard-00-02.7hkjpog.mongodb.net:27017
2022-12-29 08:44:17 [cluster-ClusterId{value='63acf0ef9641670c34dd6678', description='null'}-ac-g67d8iu-shard-00-02.7hkjpog.mongodb.net:27017] INFO  org.mongodb.driver.cluster - Setting max set version to 2 from replica set primary ac-g67d8iu-shard-00-02.7hkjpog.mongodb.net:27017
2022-12-29 08:44:17 [cluster-ClusterId{value='63acf0ef9641670c34dd6678', description='null'}-ac-g67d8iu-shard-00-02.7hkjpog.mongodb.net:27017] INFO  org.mongodb.driver.cluster - Discovered replica set primary ac-g67d8iu-shard-00-02.7hkjpog.mongodb.net:27017
2022-12-29 08:44:17 [restartedMain] INFO  s.d.s.w.PropertySourcedRequestMappingHandlerMapping - Mapped URL path [/v2/api-docs] onto method [springfox.documentation.swagger2.web.Swagger2Controller#getDocumentation(String, HttpServletRequest)]
2022-12-29 08:44:17 [restartedMain] INFO  o.s.s.web.DefaultSecurityFilterChain - Will secure any request with [org.springframework.security.web.context.request.async.WebAsyncManagerIntegrationFilter@161f144e, org.springframework.security.web.context.SecurityContextPersistenceFilter@780a3d49, org.springframework.security.web.header.HeaderWriterFilter@2675f3db, org.springframework.web.filter.CorsFilter@5a0390f7, org.springframework.security.web.authentication.logout.LogoutFilter@6187cea3, com.ute.sportswearbe.securities.JwtTokenFilter@7b8823fb, org.springframework.security.web.savedrequest.RequestCacheAwareFilter@4cd809f0, org.springframework.security.web.servletapi.SecurityContextHolderAwareRequestFilter@3b6160c4, org.springframework.security.web.authentication.AnonymousAuthenticationFilter@5ecccf39, org.springframework.security.web.session.SessionManagementFilter@19cab180, org.springframework.security.web.access.ExceptionTranslationFilter@62e5a5ac, org.springframework.security.web.access.intercept.FilterSecurityInterceptor@18f7b986]
2022-12-29 08:44:18 [restartedMain] WARN  o.s.b.a.f.FreeMarkerAutoConfiguration - Cannot find template location(s): [classpath:/templates/] (please add some templates, check your FreeMarker configuration, or set spring.freemarker.checkTemplateLocation=false)
2022-12-29 08:44:18 [restartedMain] INFO  o.s.b.w.e.tomcat.TomcatWebServer - Tomcat started on port(s): 8080 (http) with context path ''
2022-12-29 08:44:18 [restartedMain] INFO  s.d.s.w.p.DocumentationPluginsBootstrapper - Context refreshed
2022-12-29 08:44:18 [restartedMain] INFO  s.d.s.w.p.DocumentationPluginsBootstrapper - Found 1 custom documentation plugin(s)
2022-12-29 08:44:18 [restartedMain] INFO  s.d.s.w.s.ApiListingReferenceScanner - Scanning for api listing references
2022-12-29 08:44:18 [restartedMain] INFO  s.d.s.w.r.o.CachingOperationNameGenerator - Generating unique operation named: getProductPagingUsingGET_1
2022-12-29 08:44:19 [restartedMain] INFO  c.u.s.SportswearBeApplication - Started SportswearBeApplication in 8.292 seconds (JVM running for 9.935)
2022-12-29 08:44:19 [restartedMain] INFO  org.mongodb.driver.connection - Opened connection [connectionId{localValue:7, serverValue:737333}] to ac-g67d8iu-shard-00-02.7hkjpog.mongodb.net:27017
2022-12-29 09:07:21 [cluster-ClusterId{value='63acf0ef9641670c34dd6678', description='null'}-ac-g67d8iu-shard-00-01.7hkjpog.mongodb.net:27017] INFO  org.mongodb.driver.cluster - Exception in monitor thread while connecting to server ac-g67d8iu-shard-00-01.7hkjpog.mongodb.net:27017
com.mongodb.MongoSocketReadTimeoutException: Timeout while receiving message
	at com.mongodb.internal.connection.InternalStreamConnection.translateReadException(InternalStreamConnection.java:701)
	at com.mongodb.internal.connection.InternalStreamConnection.receiveMessageWithAdditionalTimeout(InternalStreamConnection.java:579)
	at com.mongodb.internal.connection.InternalStreamConnection.receiveCommandMessageResponse(InternalStreamConnection.java:415)
	at com.mongodb.internal.connection.InternalStreamConnection.receive(InternalStreamConnection.java:374)
	at com.mongodb.internal.connection.DefaultServerMonitor$ServerMonitorRunnable.lookupServerDescription(DefaultServerMonitor.java:216)
	at com.mongodb.internal.connection.DefaultServerMonitor$ServerMonitorRunnable.run(DefaultServerMonitor.java:152)
	at java.lang.Thread.run(Thread.java:750)
Caused by: java.net.SocketTimeoutException: Read timed out
	at java.net.SocketInputStream.socketRead0(Native Method)
	at java.net.SocketInputStream.socketRead(SocketInputStream.java:116)
	at java.net.SocketInputStream.read(SocketInputStream.java:171)
	at java.net.SocketInputStream.read(SocketInputStream.java:141)
	at sun.security.ssl.SSLSocketInputRecord.read(SSLSocketInputRecord.java:464)
	at sun.security.ssl.SSLSocketInputRecord.bytesInCompletePacket(SSLSocketInputRecord.java:68)
	at sun.security.ssl.SSLSocketImpl.readApplicationRecord(SSLSocketImpl.java:1346)
	at sun.security.ssl.SSLSocketImpl.access$300(SSLSocketImpl.java:73)
	at sun.security.ssl.SSLSocketImpl$AppInputStream.read(SSLSocketImpl.java:962)
	at com.mongodb.internal.connection.SocketStream.read(SocketStream.java:109)
	at com.mongodb.internal.connection.SocketStream.read(SocketStream.java:131)
	at com.mongodb.internal.connection.InternalStreamConnection.receiveResponseBuffers(InternalStreamConnection.java:718)
	at com.mongodb.internal.connection.InternalStreamConnection.receiveMessageWithAdditionalTimeout(InternalStreamConnection.java:576)
	... 5 common frames omitted
2022-12-29 09:07:21 [cluster-ClusterId{value='63acf0ef9641670c34dd6678', description='null'}-ac-g67d8iu-shard-00-00.7hkjpog.mongodb.net:27017] INFO  org.mongodb.driver.cluster - Exception in monitor thread while connecting to server ac-g67d8iu-shard-00-00.7hkjpog.mongodb.net:27017
com.mongodb.MongoSocketReadTimeoutException: Timeout while receiving message
	at com.mongodb.internal.connection.InternalStreamConnection.translateReadException(InternalStreamConnection.java:701)
	at com.mongodb.internal.connection.InternalStreamConnection.receiveMessageWithAdditionalTimeout(InternalStreamConnection.java:579)
	at com.mongodb.internal.connection.InternalStreamConnection.receiveCommandMessageResponse(InternalStreamConnection.java:415)
	at com.mongodb.internal.connection.InternalStreamConnection.receive(InternalStreamConnection.java:374)
	at com.mongodb.internal.connection.DefaultServerMonitor$ServerMonitorRunnable.lookupServerDescription(DefaultServerMonitor.java:216)
	at com.mongodb.internal.connection.DefaultServerMonitor$ServerMonitorRunnable.run(DefaultServerMonitor.java:152)
	at java.lang.Thread.run(Thread.java:750)
Caused by: java.net.SocketTimeoutException: Read timed out
	at java.net.SocketInputStream.socketRead0(Native Method)
	at java.net.SocketInputStream.socketRead(SocketInputStream.java:116)
	at java.net.SocketInputStream.read(SocketInputStream.java:171)
	at java.net.SocketInputStream.read(SocketInputStream.java:141)
	at sun.security.ssl.SSLSocketInputRecord.read(SSLSocketInputRecord.java:464)
	at sun.security.ssl.SSLSocketInputRecord.bytesInCompletePacket(SSLSocketInputRecord.java:68)
	at sun.security.ssl.SSLSocketImpl.readApplicationRecord(SSLSocketImpl.java:1346)
	at sun.security.ssl.SSLSocketImpl.access$300(SSLSocketImpl.java:73)
	at sun.security.ssl.SSLSocketImpl$AppInputStream.read(SSLSocketImpl.java:962)
	at com.mongodb.internal.connection.SocketStream.read(SocketStream.java:109)
	at com.mongodb.internal.connection.SocketStream.read(SocketStream.java:131)
	at com.mongodb.internal.connection.InternalStreamConnection.receiveResponseBuffers(InternalStreamConnection.java:718)
	at com.mongodb.internal.connection.InternalStreamConnection.receiveMessageWithAdditionalTimeout(InternalStreamConnection.java:576)
	... 5 common frames omitted
2022-12-29 09:07:21 [cluster-ClusterId{value='63acf0ef9641670c34dd6678', description='null'}-ac-g67d8iu-shard-00-02.7hkjpog.mongodb.net:27017] INFO  org.mongodb.driver.cluster - Exception in monitor thread while connecting to server ac-g67d8iu-shard-00-02.7hkjpog.mongodb.net:27017
com.mongodb.MongoSocketReadTimeoutException: Timeout while receiving message
	at com.mongodb.internal.connection.InternalStreamConnection.translateReadException(InternalStreamConnection.java:701)
	at com.mongodb.internal.connection.InternalStreamConnection.receiveMessageWithAdditionalTimeout(InternalStreamConnection.java:579)
	at com.mongodb.internal.connection.InternalStreamConnection.receiveCommandMessageResponse(InternalStreamConnection.java:415)
	at com.mongodb.internal.connection.InternalStreamConnection.receive(InternalStreamConnection.java:374)
	at com.mongodb.internal.connection.DefaultServerMonitor$ServerMonitorRunnable.lookupServerDescription(DefaultServerMonitor.java:216)
	at com.mongodb.internal.connection.DefaultServerMonitor$ServerMonitorRunnable.run(DefaultServerMonitor.java:152)
	at java.lang.Thread.run(Thread.java:750)
Caused by: java.net.SocketTimeoutException: Read timed out
	at java.net.SocketInputStream.socketRead0(Native Method)
	at java.net.SocketInputStream.socketRead(SocketInputStream.java:116)
	at java.net.SocketInputStream.read(SocketInputStream.java:171)
	at java.net.SocketInputStream.read(SocketInputStream.java:141)
	at sun.security.ssl.SSLSocketInputRecord.read(SSLSocketInputRecord.java:464)
	at sun.security.ssl.SSLSocketInputRecord.bytesInCompletePacket(SSLSocketInputRecord.java:68)
	at sun.security.ssl.SSLSocketImpl.readApplicationRecord(SSLSocketImpl.java:1346)
	at sun.security.ssl.SSLSocketImpl.access$300(SSLSocketImpl.java:73)
	at sun.security.ssl.SSLSocketImpl$AppInputStream.read(SSLSocketImpl.java:962)
	at com.mongodb.internal.connection.SocketStream.read(SocketStream.java:109)
	at com.mongodb.internal.connection.SocketStream.read(SocketStream.java:131)
	at com.mongodb.internal.connection.InternalStreamConnection.receiveResponseBuffers(InternalStreamConnection.java:718)
	at com.mongodb.internal.connection.InternalStreamConnection.receiveMessageWithAdditionalTimeout(InternalStreamConnection.java:576)
	... 5 common frames omitted
2022-12-29 09:07:21 [cluster-ClusterId{value='63acf0ef9641670c34dd6678', description='null'}-ac-g67d8iu-shard-00-01.7hkjpog.mongodb.net:27017] INFO  org.mongodb.driver.connection - Opened connection [connectionId{localValue:8, serverValue:725360}] to ac-g67d8iu-shard-00-01.7hkjpog.mongodb.net:27017
2022-12-29 09:07:21 [cluster-ClusterId{value='63acf0ef9641670c34dd6678', description='null'}-ac-g67d8iu-shard-00-01.7hkjpog.mongodb.net:27017] INFO  org.mongodb.driver.cluster - Monitor thread successfully connected to server with description ServerDescription{address=ac-g67d8iu-shard-00-01.7hkjpog.mongodb.net:27017, type=REPLICA_SET_SECONDARY, state=CONNECTED, ok=true, minWireVersion=0, maxWireVersion=13, maxDocumentSize=16777216, logicalSessionTimeoutMinutes=30, roundTripTimeNanos=174374004, setName='atlas-qln38k-shard-0', canonicalAddress=ac-g67d8iu-shard-00-01.7hkjpog.mongodb.net:27017, hosts=[ac-g67d8iu-shard-00-00.7hkjpog.mongodb.net:27017, ac-g67d8iu-shard-00-01.7hkjpog.mongodb.net:27017, ac-g67d8iu-shard-00-02.7hkjpog.mongodb.net:27017], passives=[], arbiters=[], primary='ac-g67d8iu-shard-00-02.7hkjpog.mongodb.net:27017', tagSet=TagSet{[Tag{name='nodeType', value='ELECTABLE'}, Tag{name='provider', value='AWS'}, Tag{name='region', value='AP_EAST_1'}, Tag{name='workloadType', value='OPERATIONAL'}]}, electionId=null, setVersion=2, topologyVersion=TopologyVersion{processId=637cd763c74c695eeb830f5b, counter=3}, lastWriteDate=Thu Dec 29 09:07:21 ICT 2022, lastUpdateTimeNanos=1400166907675}
2022-12-29 09:07:21 [cluster-ClusterId{value='63acf0ef9641670c34dd6678', description='null'}-ac-g67d8iu-shard-00-00.7hkjpog.mongodb.net:27017] INFO  org.mongodb.driver.connection - Opened connection [connectionId{localValue:10, serverValue:727269}] to ac-g67d8iu-shard-00-00.7hkjpog.mongodb.net:27017
2022-12-29 09:07:21 [cluster-ClusterId{value='63acf0ef9641670c34dd6678', description='null'}-ac-g67d8iu-shard-00-00.7hkjpog.mongodb.net:27017] INFO  org.mongodb.driver.cluster - Monitor thread successfully connected to server with description ServerDescription{address=ac-g67d8iu-shard-00-00.7hkjpog.mongodb.net:27017, type=REPLICA_SET_SECONDARY, state=CONNECTED, ok=true, minWireVersion=0, maxWireVersion=13, maxDocumentSize=16777216, logicalSessionTimeoutMinutes=30, roundTripTimeNanos=176513962, setName='atlas-qln38k-shard-0', canonicalAddress=ac-g67d8iu-shard-00-00.7hkjpog.mongodb.net:27017, hosts=[ac-g67d8iu-shard-00-00.7hkjpog.mongodb.net:27017, ac-g67d8iu-shard-00-01.7hkjpog.mongodb.net:27017, ac-g67d8iu-shard-00-02.7hkjpog.mongodb.net:27017], passives=[], arbiters=[], primary='ac-g67d8iu-shard-00-02.7hkjpog.mongodb.net:27017', tagSet=TagSet{[Tag{name='nodeType', value='ELECTABLE'}, Tag{name='provider', value='AWS'}, Tag{name='region', value='AP_EAST_1'}, Tag{name='workloadType', value='OPERATIONAL'}]}, electionId=null, setVersion=2, topologyVersion=TopologyVersion{processId=637cd6bc7c452a27c1731728, counter=4}, lastWriteDate=Thu Dec 29 09:07:21 ICT 2022, lastUpdateTimeNanos=1400168847053}
2022-12-29 09:07:21 [cluster-ClusterId{value='63acf0ef9641670c34dd6678', description='null'}-ac-g67d8iu-shard-00-02.7hkjpog.mongodb.net:27017] INFO  org.mongodb.driver.connection - Opened connection [connectionId{localValue:9, serverValue:737602}] to ac-g67d8iu-shard-00-02.7hkjpog.mongodb.net:27017
2022-12-29 09:07:21 [cluster-ClusterId{value='63acf0ef9641670c34dd6678', description='null'}-ac-g67d8iu-shard-00-02.7hkjpog.mongodb.net:27017] INFO  org.mongodb.driver.cluster - Monitor thread successfully connected to server with description ServerDescription{address=ac-g67d8iu-shard-00-02.7hkjpog.mongodb.net:27017, type=REPLICA_SET_PRIMARY, state=CONNECTED, ok=true, minWireVersion=0, maxWireVersion=13, maxDocumentSize=16777216, logicalSessionTimeoutMinutes=30, roundTripTimeNanos=190494536, setName='atlas-qln38k-shard-0', canonicalAddress=ac-g67d8iu-shard-00-02.7hkjpog.mongodb.net:27017, hosts=[ac-g67d8iu-shard-00-00.7hkjpog.mongodb.net:27017, ac-g67d8iu-shard-00-01.7hkjpog.mongodb.net:27017, ac-g67d8iu-shard-00-02.7hkjpog.mongodb.net:27017], passives=[], arbiters=[], primary='ac-g67d8iu-shard-00-02.7hkjpog.mongodb.net:27017', tagSet=TagSet{[Tag{name='nodeType', value='ELECTABLE'}, Tag{name='provider', value='AWS'}, Tag{name='region', value='AP_EAST_1'}, Tag{name='workloadType', value='OPERATIONAL'}]}, electionId=7fffffff0000000000000017, setVersion=2, topologyVersion=TopologyVersion{processId=637cd710853929b347c52850, counter=6}, lastWriteDate=Thu Dec 29 09:07:21 ICT 2022, lastUpdateTimeNanos=1400248626577}
2022-12-29 09:07:21 [cluster-ClusterId{value='63acf0ef9641670c34dd6678', description='null'}-ac-g67d8iu-shard-00-02.7hkjpog.mongodb.net:27017] INFO  org.mongodb.driver.cluster - Discovered replica set primary ac-g67d8iu-shard-00-02.7hkjpog.mongodb.net:27017
2022-12-29 09:07:31 [cluster-rtt-ClusterId{value='63acf0ef9641670c34dd6678', description='null'}-ac-g67d8iu-shard-00-00.7hkjpog.mongodb.net:27017] INFO  org.mongodb.driver.connection - Opened connection [connectionId{localValue:12, serverValue:727276}] to ac-g67d8iu-shard-00-00.7hkjpog.mongodb.net:27017
2022-12-29 09:07:31 [cluster-rtt-ClusterId{value='63acf0ef9641670c34dd6678', description='null'}-ac-g67d8iu-shard-00-02.7hkjpog.mongodb.net:27017] INFO  org.mongodb.driver.connection - Opened connection [connectionId{localValue:11, serverValue:737613}] to ac-g67d8iu-shard-00-02.7hkjpog.mongodb.net:27017
2022-12-29 09:07:32 [cluster-rtt-ClusterId{value='63acf0ef9641670c34dd6678', description='null'}-ac-g67d8iu-shard-00-01.7hkjpog.mongodb.net:27017] INFO  org.mongodb.driver.connection - Opened connection [connectionId{localValue:13, serverValue:725361}] to ac-g67d8iu-shard-00-01.7hkjpog.mongodb.net:27017
2022-12-29 09:09:47 [SpringApplicationShutdownHook] INFO  org.mongodb.driver.connection - Opened connection [connectionId{localValue:14, serverValue:737615}] to ac-g67d8iu-shard-00-02.7hkjpog.mongodb.net:27017
2022-12-29 09:09:59 [restartedMain] INFO  c.u.s.SportswearBeApplication - Starting SportswearBeApplication using Java 1.8.0_352 on zero-Inspiron-7537 with PID 9297 (/home/zero/Workspace/courses/kltn/sportswear-be/target/classes started by zero in /home/zero/Workspace/courses/kltn/sportswear-be)
2022-12-29 09:09:59 [restartedMain] INFO  c.u.s.SportswearBeApplication - No active profile set, falling back to 1 default profile: "default"
2022-12-29 09:09:59 [restartedMain] INFO  o.s.b.d.e.DevToolsPropertyDefaultsPostProcessor - Devtools property defaults active! Set 'spring.devtools.add-properties' to 'false' to disable
2022-12-29 09:09:59 [restartedMain] INFO  o.s.b.d.e.DevToolsPropertyDefaultsPostProcessor - For additional web related logging consider setting the 'logging.level.web' property to 'DEBUG'
2022-12-29 09:10:01 [restartedMain] INFO  o.s.d.r.c.RepositoryConfigurationDelegate - Bootstrapping Spring Data MongoDB repositories in DEFAULT mode.
2022-12-29 09:10:01 [restartedMain] INFO  o.s.d.r.c.RepositoryConfigurationDelegate - Finished Spring Data repository scanning in 167 ms. Found 5 MongoDB repository interfaces.
2022-12-29 09:10:02 [restartedMain] INFO  o.s.b.w.e.tomcat.TomcatWebServer - Tomcat initialized with port(s): 8080 (http)
2022-12-29 09:10:02 [restartedMain] INFO  o.a.c.core.AprLifecycleListener - Loaded Apache Tomcat Native library [1.2.31] using APR version [1.7.0].
2022-12-29 09:10:02 [restartedMain] INFO  o.a.c.core.AprLifecycleListener - APR capabilities: IPv6 [true], sendfile [true], accept filters [false], random [true], UDS [true].
2022-12-29 09:10:02 [restartedMain] INFO  o.a.c.core.AprLifecycleListener - APR/OpenSSL configuration: useAprConnector [false], useOpenSSL [true]
2022-12-29 09:10:02 [restartedMain] INFO  o.a.c.core.AprLifecycleListener - OpenSSL successfully initialized [OpenSSL 3.0.2 15 Mar 2022]
2022-12-29 09:10:02 [restartedMain] INFO  o.a.catalina.core.StandardService - Starting service [Tomcat]
2022-12-29 09:10:02 [restartedMain] INFO  o.a.catalina.core.StandardEngine - Starting Servlet engine: [Apache Tomcat/9.0.62]
2022-12-29 09:10:02 [restartedMain] INFO  o.a.c.c.C.[Tomcat].[localhost].[/] - Initializing Spring embedded WebApplicationContext
2022-12-29 09:10:02 [restartedMain] INFO  o.s.b.w.s.c.ServletWebServerApplicationContext - Root WebApplicationContext: initialization completed in 3694 ms
2022-12-29 09:10:03 [restartedMain] INFO  org.mongodb.driver.cluster - Cluster created with settings {hosts=[127.0.0.1:27017], srvHost=cluster0.7hkjpog.mongodb.net, mode=MULTIPLE, requiredClusterType=REPLICA_SET, serverSelectionTimeout='30000 ms', requiredReplicaSetName='atlas-qln38k-shard-0'}
2022-12-29 09:10:03 [cluster-ClusterId{value='63acf6fb07907917c0c9ae62', description='null'}-srv-cluster0.7hkjpog.mongodb.net] INFO  org.mongodb.driver.cluster - Adding discovered server ac-g67d8iu-shard-00-00.7hkjpog.mongodb.net:27017 to client view of cluster
2022-12-29 09:10:03 [cluster-ClusterId{value='63acf6fb07907917c0c9ae62', description='null'}-srv-cluster0.7hkjpog.mongodb.net] INFO  org.mongodb.driver.cluster - Adding discovered server ac-g67d8iu-shard-00-02.7hkjpog.mongodb.net:27017 to client view of cluster
2022-12-29 09:10:04 [cluster-ClusterId{value='63acf6fb07907917c0c9ae62', description='null'}-srv-cluster0.7hkjpog.mongodb.net] INFO  org.mongodb.driver.cluster - Adding discovered server ac-g67d8iu-shard-00-01.7hkjpog.mongodb.net:27017 to client view of cluster
2022-12-29 09:10:06 [cluster-ClusterId{value='63acf6fb07907917c0c9ae62', description='null'}-ac-g67d8iu-shard-00-01.7hkjpog.mongodb.net:27017] INFO  org.mongodb.driver.connection - Opened connection [connectionId{localValue:5, serverValue:725393}] to ac-g67d8iu-shard-00-01.7hkjpog.mongodb.net:27017
2022-12-29 09:10:06 [cluster-ClusterId{value='63acf6fb07907917c0c9ae62', description='null'}-ac-g67d8iu-shard-00-01.7hkjpog.mongodb.net:27017] INFO  org.mongodb.driver.cluster - Monitor thread successfully connected to server with description ServerDescription{address=ac-g67d8iu-shard-00-01.7hkjpog.mongodb.net:27017, type=REPLICA_SET_SECONDARY, state=CONNECTED, ok=true, minWireVersion=0, maxWireVersion=13, maxDocumentSize=16777216, logicalSessionTimeoutMinutes=30, roundTripTimeNanos=835637870, setName='atlas-qln38k-shard-0', canonicalAddress=ac-g67d8iu-shard-00-01.7hkjpog.mongodb.net:27017, hosts=[ac-g67d8iu-shard-00-00.7hkjpog.mongodb.net:27017, ac-g67d8iu-shard-00-01.7hkjpog.mongodb.net:27017, ac-g67d8iu-shard-00-02.7hkjpog.mongodb.net:27017], passives=[], arbiters=[], primary='ac-g67d8iu-shard-00-02.7hkjpog.mongodb.net:27017', tagSet=TagSet{[Tag{name='nodeType', value='ELECTABLE'}, Tag{name='provider', value='AWS'}, Tag{name='region', value='AP_EAST_1'}, Tag{name='workloadType', value='OPERATIONAL'}]}, electionId=null, setVersion=2, topologyVersion=TopologyVersion{processId=637cd763c74c695eeb830f5b, counter=3}, lastWriteDate=Thu Dec 29 09:10:06 ICT 2022, lastUpdateTimeNanos=1564567338982}
2022-12-29 09:10:06 [cluster-ClusterId{value='63acf6fb07907917c0c9ae62', description='null'}-ac-g67d8iu-shard-00-00.7hkjpog.mongodb.net:27017] INFO  org.mongodb.driver.connection - Opened connection [connectionId{localValue:1, serverValue:727307}] to ac-g67d8iu-shard-00-00.7hkjpog.mongodb.net:27017
2022-12-29 09:10:06 [cluster-ClusterId{value='63acf6fb07907917c0c9ae62', description='null'}-ac-g67d8iu-shard-00-00.7hkjpog.mongodb.net:27017] INFO  org.mongodb.driver.cluster - Monitor thread successfully connected to server with description ServerDescription{address=ac-g67d8iu-shard-00-00.7hkjpog.mongodb.net:27017, type=REPLICA_SET_SECONDARY, state=CONNECTED, ok=true, minWireVersion=0, maxWireVersion=13, maxDocumentSize=16777216, logicalSessionTimeoutMinutes=30, roundTripTimeNanos=858831966, setName='atlas-qln38k-shard-0', canonicalAddress=ac-g67d8iu-shard-00-00.7hkjpog.mongodb.net:27017, hosts=[ac-g67d8iu-shard-00-00.7hkjpog.mongodb.net:27017, ac-g67d8iu-shard-00-01.7hkjpog.mongodb.net:27017, ac-g67d8iu-shard-00-02.7hkjpog.mongodb.net:27017], passives=[], arbiters=[], primary='ac-g67d8iu-shard-00-02.7hkjpog.mongodb.net:27017', tagSet=TagSet{[Tag{name='nodeType', value='ELECTABLE'}, Tag{name='provider', value='AWS'}, Tag{name='region', value='AP_EAST_1'}, Tag{name='workloadType', value='OPERATIONAL'}]}, electionId=null, setVersion=2, topologyVersion=TopologyVersion{processId=637cd6bc7c452a27c1731728, counter=4}, lastWriteDate=Thu Dec 29 09:10:06 ICT 2022, lastUpdateTimeNanos=1564577293657}
2022-12-29 09:10:06 [cluster-rtt-ClusterId{value='63acf6fb07907917c0c9ae62', description='null'}-ac-g67d8iu-shard-00-02.7hkjpog.mongodb.net:27017] INFO  org.mongodb.driver.connection - Opened connection [connectionId{localValue:4, serverValue:737615}] to ac-g67d8iu-shard-00-02.7hkjpog.mongodb.net:27017
2022-12-29 09:10:06 [cluster-rtt-ClusterId{value='63acf6fb07907917c0c9ae62', description='null'}-ac-g67d8iu-shard-00-01.7hkjpog.mongodb.net:27017] INFO  org.mongodb.driver.connection - Opened connection [connectionId{localValue:6, serverValue:725393}] to ac-g67d8iu-shard-00-01.7hkjpog.mongodb.net:27017
2022-12-29 09:10:06 [cluster-rtt-ClusterId{value='63acf6fb07907917c0c9ae62', description='null'}-ac-g67d8iu-shard-00-00.7hkjpog.mongodb.net:27017] INFO  org.mongodb.driver.connection - Opened connection [connectionId{localValue:2, serverValue:727307}] to ac-g67d8iu-shard-00-00.7hkjpog.mongodb.net:27017
2022-12-29 09:10:06 [cluster-ClusterId{value='63acf6fb07907917c0c9ae62', description='null'}-ac-g67d8iu-shard-00-02.7hkjpog.mongodb.net:27017] INFO  org.mongodb.driver.connection - Opened connection [connectionId{localValue:3, serverValue:737661}] to ac-g67d8iu-shard-00-02.7hkjpog.mongodb.net:27017
2022-12-29 09:10:06 [cluster-ClusterId{value='63acf6fb07907917c0c9ae62', description='null'}-ac-g67d8iu-shard-00-02.7hkjpog.mongodb.net:27017] INFO  org.mongodb.driver.cluster - Monitor thread successfully connected to server with description ServerDescription{address=ac-g67d8iu-shard-00-02.7hkjpog.mongodb.net:27017, type=REPLICA_SET_PRIMARY, state=CONNECTED, ok=true, minWireVersion=0, maxWireVersion=13, maxDocumentSize=16777216, logicalSessionTimeoutMinutes=30, roundTripTimeNanos=1057910142, setName='atlas-qln38k-shard-0', canonicalAddress=ac-g67d8iu-shard-00-02.7hkjpog.mongodb.net:27017, hosts=[ac-g67d8iu-shard-00-00.7hkjpog.mongodb.net:27017, ac-g67d8iu-shard-00-01.7hkjpog.mongodb.net:27017, ac-g67d8iu-shard-00-02.7hkjpog.mongodb.net:27017], passives=[], arbiters=[], primary='ac-g67d8iu-shard-00-02.7hkjpog.mongodb.net:27017', tagSet=TagSet{[Tag{name='nodeType', value='ELECTABLE'}, Tag{name='provider', value='AWS'}, Tag{name='region', value='AP_EAST_1'}, Tag{name='workloadType', value='OPERATIONAL'}]}, electionId=7fffffff0000000000000017, setVersion=2, topologyVersion=TopologyVersion{processId=637cd710853929b347c52850, counter=6}, lastWriteDate=Thu Dec 29 09:10:06 ICT 2022, lastUpdateTimeNanos=1564656237318}
2022-12-29 09:10:06 [cluster-ClusterId{value='63acf6fb07907917c0c9ae62', description='null'}-ac-g67d8iu-shard-00-02.7hkjpog.mongodb.net:27017] INFO  org.mongodb.driver.cluster - Setting max election id to 7fffffff0000000000000017 from replica set primary ac-g67d8iu-shard-00-02.7hkjpog.mongodb.net:27017
2022-12-29 09:10:06 [cluster-ClusterId{value='63acf6fb07907917c0c9ae62', description='null'}-ac-g67d8iu-shard-00-02.7hkjpog.mongodb.net:27017] INFO  org.mongodb.driver.cluster - Setting max set version to 2 from replica set primary ac-g67d8iu-shard-00-02.7hkjpog.mongodb.net:27017
2022-12-29 09:10:06 [cluster-ClusterId{value='63acf6fb07907917c0c9ae62', description='null'}-ac-g67d8iu-shard-00-02.7hkjpog.mongodb.net:27017] INFO  org.mongodb.driver.cluster - Discovered replica set primary ac-g67d8iu-shard-00-02.7hkjpog.mongodb.net:27017
2022-12-29 09:10:07 [restartedMain] INFO  o.s.b.d.a.OptionalLiveReloadServer - LiveReload server is running on port 35729
2022-12-29 09:10:08 [restartedMain] INFO  s.d.s.w.PropertySourcedRequestMappingHandlerMapping - Mapped URL path [/v2/api-docs] onto method [springfox.documentation.swagger2.web.Swagger2Controller#getDocumentation(String, HttpServletRequest)]
2022-12-29 09:10:09 [restartedMain] INFO  o.s.s.web.DefaultSecurityFilterChain - Will secure any request with [org.springframework.security.web.context.request.async.WebAsyncManagerIntegrationFilter@2c3929ae, org.springframework.security.web.context.SecurityContextPersistenceFilter@3f1a0348, org.springframework.security.web.header.HeaderWriterFilter@515f148b, org.springframework.web.filter.CorsFilter@3b31e39c, org.springframework.security.web.authentication.logout.LogoutFilter@43a24687, com.ute.sportswearbe.securities.JwtTokenFilter@e9ccbf3, org.springframework.security.web.savedrequest.RequestCacheAwareFilter@556eab89, org.springframework.security.web.servletapi.SecurityContextHolderAwareRequestFilter@43adfa1b, org.springframework.security.web.authentication.AnonymousAuthenticationFilter@5c20f5c9, org.springframework.security.web.session.SessionManagementFilter@303b8409, org.springframework.security.web.access.ExceptionTranslationFilter@18582613, org.springframework.security.web.access.intercept.FilterSecurityInterceptor@c98dd79]
2022-12-29 09:10:09 [restartedMain] WARN  o.s.b.a.f.FreeMarkerAutoConfiguration - Cannot find template location(s): [classpath:/templates/] (please add some templates, check your FreeMarker configuration, or set spring.freemarker.checkTemplateLocation=false)
2022-12-29 09:10:09 [restartedMain] INFO  o.s.b.w.e.tomcat.TomcatWebServer - Tomcat started on port(s): 8080 (http) with context path ''
2022-12-29 09:10:09 [restartedMain] INFO  s.d.s.w.p.DocumentationPluginsBootstrapper - Context refreshed
2022-12-29 09:10:09 [restartedMain] INFO  s.d.s.w.p.DocumentationPluginsBootstrapper - Found 1 custom documentation plugin(s)
2022-12-29 09:10:09 [restartedMain] INFO  s.d.s.w.s.ApiListingReferenceScanner - Scanning for api listing references
2022-12-29 09:10:10 [restartedMain] INFO  s.d.s.w.r.o.CachingOperationNameGenerator - Generating unique operation named: getProductPagingUsingGET_1
2022-12-29 09:10:10 [restartedMain] INFO  c.u.s.SportswearBeApplication - Started SportswearBeApplication in 14.014 seconds (JVM running for 16.205)
2022-12-29 09:10:10 [restartedMain] INFO  org.mongodb.driver.connection - Opened connection [connectionId{localValue:7, serverValue:737652}] to ac-g67d8iu-shard-00-02.7hkjpog.mongodb.net:27017
2022-12-29 10:24:31 [restartedMain] INFO  c.u.s.SportswearBeApplication - Starting SportswearBeApplication using Java 1.8.0_352 on zero-Inspiron-7537 with PID 13526 (/home/zero/Workspace/courses/kltn/sportswear-be/target/classes started by zero in /home/zero/Workspace/courses/kltn/sportswear-be)
2022-12-29 10:24:31 [restartedMain] INFO  c.u.s.SportswearBeApplication - No active profile set, falling back to 1 default profile: "default"
2022-12-29 10:24:31 [restartedMain] INFO  o.s.b.d.e.DevToolsPropertyDefaultsPostProcessor - Devtools property defaults active! Set 'spring.devtools.add-properties' to 'false' to disable
2022-12-29 10:24:31 [restartedMain] INFO  o.s.b.d.e.DevToolsPropertyDefaultsPostProcessor - For additional web related logging consider setting the 'logging.level.web' property to 'DEBUG'
2022-12-29 10:24:33 [restartedMain] INFO  o.s.d.r.c.RepositoryConfigurationDelegate - Bootstrapping Spring Data MongoDB repositories in DEFAULT mode.
2022-12-29 10:24:33 [restartedMain] INFO  o.s.d.r.c.RepositoryConfigurationDelegate - Finished Spring Data repository scanning in 85 ms. Found 5 MongoDB repository interfaces.
2022-12-29 10:24:34 [restartedMain] INFO  o.s.b.w.e.tomcat.TomcatWebServer - Tomcat initialized with port(s): 8080 (http)
2022-12-29 10:24:34 [restartedMain] INFO  o.a.c.core.AprLifecycleListener - Loaded Apache Tomcat Native library [1.2.31] using APR version [1.7.0].
2022-12-29 10:24:34 [restartedMain] INFO  o.a.c.core.AprLifecycleListener - APR capabilities: IPv6 [true], sendfile [true], accept filters [false], random [true], UDS [true].
2022-12-29 10:24:34 [restartedMain] INFO  o.a.c.core.AprLifecycleListener - APR/OpenSSL configuration: useAprConnector [false], useOpenSSL [true]
2022-12-29 10:24:34 [restartedMain] INFO  o.a.c.core.AprLifecycleListener - OpenSSL successfully initialized [OpenSSL 3.0.2 15 Mar 2022]
2022-12-29 10:24:34 [restartedMain] INFO  o.a.catalina.core.StandardService - Starting service [Tomcat]
2022-12-29 10:24:34 [restartedMain] INFO  o.a.catalina.core.StandardEngine - Starting Servlet engine: [Apache Tomcat/9.0.62]
2022-12-29 10:24:34 [restartedMain] INFO  o.a.c.c.C.[Tomcat].[localhost].[/] - Initializing Spring embedded WebApplicationContext
2022-12-29 10:24:34 [restartedMain] INFO  o.s.b.w.s.c.ServletWebServerApplicationContext - Root WebApplicationContext: initialization completed in 3084 ms
2022-12-29 10:24:34 [restartedMain] INFO  org.mongodb.driver.cluster - Cluster created with settings {hosts=[127.0.0.1:27017], srvHost=cluster0.7hkjpog.mongodb.net, mode=MULTIPLE, requiredClusterType=REPLICA_SET, serverSelectionTimeout='30000 ms', requiredReplicaSetName='atlas-qln38k-shard-0'}
2022-12-29 10:24:35 [cluster-ClusterId{value='63ad08721f5f0c5b77ffaa45', description='null'}-srv-cluster0.7hkjpog.mongodb.net] INFO  org.mongodb.driver.cluster - Adding discovered server ac-g67d8iu-shard-00-00.7hkjpog.mongodb.net:27017 to client view of cluster
2022-12-29 10:24:35 [cluster-ClusterId{value='63ad08721f5f0c5b77ffaa45', description='null'}-srv-cluster0.7hkjpog.mongodb.net] INFO  org.mongodb.driver.cluster - Adding discovered server ac-g67d8iu-shard-00-02.7hkjpog.mongodb.net:27017 to client view of cluster
2022-12-29 10:24:35 [cluster-ClusterId{value='63ad08721f5f0c5b77ffaa45', description='null'}-srv-cluster0.7hkjpog.mongodb.net] INFO  org.mongodb.driver.cluster - Adding discovered server ac-g67d8iu-shard-00-01.7hkjpog.mongodb.net:27017 to client view of cluster
2022-12-29 10:24:36 [restartedMain] INFO  o.s.b.d.a.OptionalLiveReloadServer - LiveReload server is running on port 35729
2022-12-29 10:24:36 [cluster-rtt-ClusterId{value='63ad08721f5f0c5b77ffaa45', description='null'}-ac-g67d8iu-shard-00-02.7hkjpog.mongodb.net:27017] INFO  org.mongodb.driver.connection - Opened connection [connectionId{localValue:4, serverValue:738777}] to ac-g67d8iu-shard-00-02.7hkjpog.mongodb.net:27017
2022-12-29 10:24:36 [cluster-rtt-ClusterId{value='63ad08721f5f0c5b77ffaa45', description='null'}-ac-g67d8iu-shard-00-01.7hkjpog.mongodb.net:27017] INFO  org.mongodb.driver.connection - Opened connection [connectionId{localValue:6, serverValue:726461}] to ac-g67d8iu-shard-00-01.7hkjpog.mongodb.net:27017
2022-12-29 10:24:36 [cluster-ClusterId{value='63ad08721f5f0c5b77ffaa45', description='null'}-ac-g67d8iu-shard-00-01.7hkjpog.mongodb.net:27017] INFO  org.mongodb.driver.connection - Opened connection [connectionId{localValue:5, serverValue:726461}] to ac-g67d8iu-shard-00-01.7hkjpog.mongodb.net:27017
2022-12-29 10:24:36 [cluster-rtt-ClusterId{value='63ad08721f5f0c5b77ffaa45', description='null'}-ac-g67d8iu-shard-00-00.7hkjpog.mongodb.net:27017] INFO  org.mongodb.driver.connection - Opened connection [connectionId{localValue:3, serverValue:728371}] to ac-g67d8iu-shard-00-00.7hkjpog.mongodb.net:27017
2022-12-29 10:24:36 [cluster-ClusterId{value='63ad08721f5f0c5b77ffaa45', description='null'}-ac-g67d8iu-shard-00-01.7hkjpog.mongodb.net:27017] INFO  org.mongodb.driver.cluster - Monitor thread successfully connected to server with description ServerDescription{address=ac-g67d8iu-shard-00-01.7hkjpog.mongodb.net:27017, type=REPLICA_SET_SECONDARY, state=CONNECTED, ok=true, minWireVersion=0, maxWireVersion=13, maxDocumentSize=16777216, logicalSessionTimeoutMinutes=30, roundTripTimeNanos=564805087, setName='atlas-qln38k-shard-0', canonicalAddress=ac-g67d8iu-shard-00-01.7hkjpog.mongodb.net:27017, hosts=[ac-g67d8iu-shard-00-00.7hkjpog.mongodb.net:27017, ac-g67d8iu-shard-00-01.7hkjpog.mongodb.net:27017, ac-g67d8iu-shard-00-02.7hkjpog.mongodb.net:27017], passives=[], arbiters=[], primary='ac-g67d8iu-shard-00-02.7hkjpog.mongodb.net:27017', tagSet=TagSet{[Tag{name='nodeType', value='ELECTABLE'}, Tag{name='provider', value='AWS'}, Tag{name='region', value='AP_EAST_1'}, Tag{name='workloadType', value='OPERATIONAL'}]}, electionId=null, setVersion=2, topologyVersion=TopologyVersion{processId=637cd763c74c695eeb830f5b, counter=3}, lastWriteDate=Thu Dec 29 10:24:36 ICT 2022, lastUpdateTimeNanos=3764085985748}
2022-12-29 10:24:36 [cluster-ClusterId{value='63ad08721f5f0c5b77ffaa45', description='null'}-ac-g67d8iu-shard-00-02.7hkjpog.mongodb.net:27017] INFO  org.mongodb.driver.connection - Opened connection [connectionId{localValue:2, serverValue:738777}] to ac-g67d8iu-shard-00-02.7hkjpog.mongodb.net:27017
2022-12-29 10:24:36 [cluster-ClusterId{value='63ad08721f5f0c5b77ffaa45', description='null'}-ac-g67d8iu-shard-00-02.7hkjpog.mongodb.net:27017] INFO  org.mongodb.driver.cluster - Monitor thread successfully connected to server with description ServerDescription{address=ac-g67d8iu-shard-00-02.7hkjpog.mongodb.net:27017, type=REPLICA_SET_PRIMARY, state=CONNECTED, ok=true, minWireVersion=0, maxWireVersion=13, maxDocumentSize=16777216, logicalSessionTimeoutMinutes=30, roundTripTimeNanos=496688278, setName='atlas-qln38k-shard-0', canonicalAddress=ac-g67d8iu-shard-00-02.7hkjpog.mongodb.net:27017, hosts=[ac-g67d8iu-shard-00-00.7hkjpog.mongodb.net:27017, ac-g67d8iu-shard-00-01.7hkjpog.mongodb.net:27017, ac-g67d8iu-shard-00-02.7hkjpog.mongodb.net:27017], passives=[], arbiters=[], primary='ac-g67d8iu-shard-00-02.7hkjpog.mongodb.net:27017', tagSet=TagSet{[Tag{name='nodeType', value='ELECTABLE'}, Tag{name='provider', value='AWS'}, Tag{name='region', value='AP_EAST_1'}, Tag{name='workloadType', value='OPERATIONAL'}]}, electionId=7fffffff0000000000000017, setVersion=2, topologyVersion=TopologyVersion{processId=637cd710853929b347c52850, counter=6}, lastWriteDate=Thu Dec 29 10:24:36 ICT 2022, lastUpdateTimeNanos=3764090218655}
2022-12-29 10:24:36 [cluster-ClusterId{value='63ad08721f5f0c5b77ffaa45', description='null'}-ac-g67d8iu-shard-00-00.7hkjpog.mongodb.net:27017] INFO  org.mongodb.driver.connection - Opened connection [connectionId{localValue:1, serverValue:728371}] to ac-g67d8iu-shard-00-00.7hkjpog.mongodb.net:27017
2022-12-29 10:24:36 [cluster-ClusterId{value='63ad08721f5f0c5b77ffaa45', description='null'}-ac-g67d8iu-shard-00-00.7hkjpog.mongodb.net:27017] INFO  org.mongodb.driver.cluster - Monitor thread successfully connected to server with description ServerDescription{address=ac-g67d8iu-shard-00-00.7hkjpog.mongodb.net:27017, type=REPLICA_SET_SECONDARY, state=CONNECTED, ok=true, minWireVersion=0, maxWireVersion=13, maxDocumentSize=16777216, logicalSessionTimeoutMinutes=30, roundTripTimeNanos=504568140, setName='atlas-qln38k-shard-0', canonicalAddress=ac-g67d8iu-shard-00-00.7hkjpog.mongodb.net:27017, hosts=[ac-g67d8iu-shard-00-00.7hkjpog.mongodb.net:27017, ac-g67d8iu-shard-00-01.7hkjpog.mongodb.net:27017, ac-g67d8iu-shard-00-02.7hkjpog.mongodb.net:27017], passives=[], arbiters=[], primary='ac-g67d8iu-shard-00-02.7hkjpog.mongodb.net:27017', tagSet=TagSet{[Tag{name='nodeType', value='ELECTABLE'}, Tag{name='provider', value='AWS'}, Tag{name='region', value='AP_EAST_1'}, Tag{name='workloadType', value='OPERATIONAL'}]}, electionId=null, setVersion=2, topologyVersion=TopologyVersion{processId=637cd6bc7c452a27c1731728, counter=4}, lastWriteDate=Thu Dec 29 10:24:36 ICT 2022, lastUpdateTimeNanos=3764099192316}
2022-12-29 10:24:36 [cluster-ClusterId{value='63ad08721f5f0c5b77ffaa45', description='null'}-ac-g67d8iu-shard-00-02.7hkjpog.mongodb.net:27017] INFO  org.mongodb.driver.cluster - Setting max election id to 7fffffff0000000000000017 from replica set primary ac-g67d8iu-shard-00-02.7hkjpog.mongodb.net:27017
2022-12-29 10:24:36 [cluster-ClusterId{value='63ad08721f5f0c5b77ffaa45', description='null'}-ac-g67d8iu-shard-00-02.7hkjpog.mongodb.net:27017] INFO  org.mongodb.driver.cluster - Setting max set version to 2 from replica set primary ac-g67d8iu-shard-00-02.7hkjpog.mongodb.net:27017
2022-12-29 10:24:36 [cluster-ClusterId{value='63ad08721f5f0c5b77ffaa45', description='null'}-ac-g67d8iu-shard-00-02.7hkjpog.mongodb.net:27017] INFO  org.mongodb.driver.cluster - Discovered replica set primary ac-g67d8iu-shard-00-02.7hkjpog.mongodb.net:27017
2022-12-29 10:24:37 [restartedMain] INFO  s.d.s.w.PropertySourcedRequestMappingHandlerMapping - Mapped URL path [/v2/api-docs] onto method [springfox.documentation.swagger2.web.Swagger2Controller#getDocumentation(String, HttpServletRequest)]
2022-12-29 10:24:38 [restartedMain] INFO  o.s.s.web.DefaultSecurityFilterChain - Will secure any request with [org.springframework.security.web.context.request.async.WebAsyncManagerIntegrationFilter@3abeb1c5, org.springframework.security.web.context.SecurityContextPersistenceFilter@6b946b9c, org.springframework.security.web.header.HeaderWriterFilter@3798dd3a, org.springframework.web.filter.CorsFilter@7a60b2ce, org.springframework.security.web.authentication.logout.LogoutFilter@6043ed3b, com.ute.sportswearbe.securities.JwtTokenFilter@3ef65b12, org.springframework.security.web.savedrequest.RequestCacheAwareFilter@64ca32f4, org.springframework.security.web.servletapi.SecurityContextHolderAwareRequestFilter@2c87a7e6, org.springframework.security.web.authentication.AnonymousAuthenticationFilter@6b761fbc, org.springframework.security.web.session.SessionManagementFilter@5902715, org.springframework.security.web.access.ExceptionTranslationFilter@1f86a783, org.springframework.security.web.access.intercept.FilterSecurityInterceptor@2bdc936c]
2022-12-29 10:24:38 [restartedMain] WARN  o.s.b.a.f.FreeMarkerAutoConfiguration - Cannot find template location(s): [classpath:/templates/] (please add some templates, check your FreeMarker configuration, or set spring.freemarker.checkTemplateLocation=false)
2022-12-29 10:24:38 [restartedMain] INFO  o.s.b.w.e.tomcat.TomcatWebServer - Tomcat started on port(s): 8080 (http) with context path ''
2022-12-29 10:24:38 [restartedMain] INFO  s.d.s.w.p.DocumentationPluginsBootstrapper - Context refreshed
2022-12-29 10:24:38 [restartedMain] INFO  s.d.s.w.p.DocumentationPluginsBootstrapper - Found 1 custom documentation plugin(s)
2022-12-29 10:24:38 [restartedMain] INFO  s.d.s.w.s.ApiListingReferenceScanner - Scanning for api listing references
2022-12-29 10:24:39 [restartedMain] INFO  s.d.s.w.r.o.CachingOperationNameGenerator - Generating unique operation named: getProductPagingUsingGET_1
2022-12-29 10:24:39 [restartedMain] INFO  c.u.s.SportswearBeApplication - Started SportswearBeApplication in 9.407 seconds (JVM running for 11.765)
2022-12-29 10:24:40 [restartedMain] INFO  org.mongodb.driver.connection - Opened connection [connectionId{localValue:7, serverValue:738758}] to ac-g67d8iu-shard-00-02.7hkjpog.mongodb.net:27017
2022-12-29 10:24:55 [http-nio-8080-exec-1] INFO  o.a.c.c.C.[Tomcat].[localhost].[/] - Initializing Spring DispatcherServlet 'dispatcherServlet'
2022-12-29 10:24:55 [http-nio-8080-exec-1] INFO  o.s.web.servlet.DispatcherServlet - Initializing Servlet 'dispatcherServlet'
2022-12-29 10:24:55 [http-nio-8080-exec-1] INFO  o.s.web.servlet.DispatcherServlet - Completed initialization in 2 ms
2022-12-29 10:26:40 [restartedMain] INFO  c.u.s.SportswearBeApplication - Starting SportswearBeApplication using Java 1.8.0_352 on zero-Inspiron-7537 with PID 13914 (/home/zero/Workspace/courses/kltn/sportswear-be/target/classes started by zero in /home/zero/Workspace/courses/kltn/sportswear-be)
2022-12-29 10:26:40 [restartedMain] INFO  c.u.s.SportswearBeApplication - No active profile set, falling back to 1 default profile: "default"
2022-12-29 10:26:40 [restartedMain] INFO  o.s.b.d.e.DevToolsPropertyDefaultsPostProcessor - Devtools property defaults active! Set 'spring.devtools.add-properties' to 'false' to disable
2022-12-29 10:26:40 [restartedMain] INFO  o.s.b.d.e.DevToolsPropertyDefaultsPostProcessor - For additional web related logging consider setting the 'logging.level.web' property to 'DEBUG'
2022-12-29 10:26:42 [restartedMain] INFO  o.s.d.r.c.RepositoryConfigurationDelegate - Bootstrapping Spring Data MongoDB repositories in DEFAULT mode.
2022-12-29 10:26:42 [restartedMain] INFO  o.s.d.r.c.RepositoryConfigurationDelegate - Finished Spring Data repository scanning in 101 ms. Found 5 MongoDB repository interfaces.
2022-12-29 10:26:43 [restartedMain] INFO  o.s.b.w.e.tomcat.TomcatWebServer - Tomcat initialized with port(s): 8080 (http)
2022-12-29 10:26:43 [restartedMain] INFO  o.a.c.core.AprLifecycleListener - Loaded Apache Tomcat Native library [1.2.31] using APR version [1.7.0].
2022-12-29 10:26:43 [restartedMain] INFO  o.a.c.core.AprLifecycleListener - APR capabilities: IPv6 [true], sendfile [true], accept filters [false], random [true], UDS [true].
2022-12-29 10:26:43 [restartedMain] INFO  o.a.c.core.AprLifecycleListener - APR/OpenSSL configuration: useAprConnector [false], useOpenSSL [true]
2022-12-29 10:26:43 [restartedMain] INFO  o.a.c.core.AprLifecycleListener - OpenSSL successfully initialized [OpenSSL 3.0.2 15 Mar 2022]
2022-12-29 10:26:43 [restartedMain] INFO  o.a.catalina.core.StandardService - Starting service [Tomcat]
2022-12-29 10:26:43 [restartedMain] INFO  o.a.catalina.core.StandardEngine - Starting Servlet engine: [Apache Tomcat/9.0.62]
2022-12-29 10:26:43 [restartedMain] INFO  o.a.c.c.C.[Tomcat].[localhost].[/] - Initializing Spring embedded WebApplicationContext
2022-12-29 10:26:43 [restartedMain] INFO  o.s.b.w.s.c.ServletWebServerApplicationContext - Root WebApplicationContext: initialization completed in 2604 ms
2022-12-29 10:26:43 [restartedMain] INFO  org.mongodb.driver.cluster - Cluster created with settings {hosts=[127.0.0.1:27017], srvHost=cluster0.7hkjpog.mongodb.net, mode=MULTIPLE, requiredClusterType=REPLICA_SET, serverSelectionTimeout='30000 ms', requiredReplicaSetName='atlas-qln38k-shard-0'}
2022-12-29 10:26:43 [cluster-ClusterId{value='63ad08f3fe257746418effb6', description='null'}-srv-cluster0.7hkjpog.mongodb.net] INFO  org.mongodb.driver.cluster - Adding discovered server ac-g67d8iu-shard-00-00.7hkjpog.mongodb.net:27017 to client view of cluster
2022-12-29 10:26:43 [cluster-ClusterId{value='63ad08f3fe257746418effb6', description='null'}-srv-cluster0.7hkjpog.mongodb.net] INFO  org.mongodb.driver.cluster - Adding discovered server ac-g67d8iu-shard-00-02.7hkjpog.mongodb.net:27017 to client view of cluster
2022-12-29 10:26:43 [cluster-ClusterId{value='63ad08f3fe257746418effb6', description='null'}-srv-cluster0.7hkjpog.mongodb.net] INFO  org.mongodb.driver.cluster - Adding discovered server ac-g67d8iu-shard-00-01.7hkjpog.mongodb.net:27017 to client view of cluster
2022-12-29 10:26:44 [restartedMain] INFO  o.s.b.d.a.OptionalLiveReloadServer - LiveReload server is running on port 35729
2022-12-29 10:26:45 [cluster-ClusterId{value='63ad08f3fe257746418effb6', description='null'}-ac-g67d8iu-shard-00-00.7hkjpog.mongodb.net:27017] INFO  org.mongodb.driver.connection - Opened connection [connectionId{localValue:5, serverValue:728402}] to ac-g67d8iu-shard-00-00.7hkjpog.mongodb.net:27017
2022-12-29 10:26:45 [cluster-rtt-ClusterId{value='63ad08f3fe257746418effb6', description='null'}-ac-g67d8iu-shard-00-00.7hkjpog.mongodb.net:27017] INFO  org.mongodb.driver.connection - Opened connection [connectionId{localValue:1, serverValue:728402}] to ac-g67d8iu-shard-00-00.7hkjpog.mongodb.net:27017
2022-12-29 10:26:45 [cluster-ClusterId{value='63ad08f3fe257746418effb6', description='null'}-ac-g67d8iu-shard-00-02.7hkjpog.mongodb.net:27017] INFO  org.mongodb.driver.connection - Opened connection [connectionId{localValue:3, serverValue:738758}] to ac-g67d8iu-shard-00-02.7hkjpog.mongodb.net:27017
2022-12-29 10:26:45 [cluster-rtt-ClusterId{value='63ad08f3fe257746418effb6', description='null'}-ac-g67d8iu-shard-00-01.7hkjpog.mongodb.net:27017] INFO  org.mongodb.driver.connection - Opened connection [connectionId{localValue:6, serverValue:726494}] to ac-g67d8iu-shard-00-01.7hkjpog.mongodb.net:27017
2022-12-29 10:26:45 [cluster-ClusterId{value='63ad08f3fe257746418effb6', description='null'}-ac-g67d8iu-shard-00-01.7hkjpog.mongodb.net:27017] INFO  org.mongodb.driver.connection - Opened connection [connectionId{localValue:2, serverValue:726494}] to ac-g67d8iu-shard-00-01.7hkjpog.mongodb.net:27017
2022-12-29 10:26:45 [cluster-rtt-ClusterId{value='63ad08f3fe257746418effb6', description='null'}-ac-g67d8iu-shard-00-02.7hkjpog.mongodb.net:27017] INFO  org.mongodb.driver.connection - Opened connection [connectionId{localValue:4, serverValue:738758}] to ac-g67d8iu-shard-00-02.7hkjpog.mongodb.net:27017
2022-12-29 10:26:45 [cluster-ClusterId{value='63ad08f3fe257746418effb6', description='null'}-ac-g67d8iu-shard-00-02.7hkjpog.mongodb.net:27017] INFO  org.mongodb.driver.cluster - Monitor thread successfully connected to server with description ServerDescription{address=ac-g67d8iu-shard-00-02.7hkjpog.mongodb.net:27017, type=REPLICA_SET_PRIMARY, state=CONNECTED, ok=true, minWireVersion=0, maxWireVersion=13, maxDocumentSize=16777216, logicalSessionTimeoutMinutes=30, roundTripTimeNanos=460322783, setName='atlas-qln38k-shard-0', canonicalAddress=ac-g67d8iu-shard-00-02.7hkjpog.mongodb.net:27017, hosts=[ac-g67d8iu-shard-00-00.7hkjpog.mongodb.net:27017, ac-g67d8iu-shard-00-01.7hkjpog.mongodb.net:27017, ac-g67d8iu-shard-00-02.7hkjpog.mongodb.net:27017], passives=[], arbiters=[], primary='ac-g67d8iu-shard-00-02.7hkjpog.mongodb.net:27017', tagSet=TagSet{[Tag{name='nodeType', value='ELECTABLE'}, Tag{name='provider', value='AWS'}, Tag{name='region', value='AP_EAST_1'}, Tag{name='workloadType', value='OPERATIONAL'}]}, electionId=7fffffff0000000000000017, setVersion=2, topologyVersion=TopologyVersion{processId=637cd710853929b347c52850, counter=6}, lastWriteDate=Thu Dec 29 10:26:44 ICT 2022, lastUpdateTimeNanos=3892695690185}
2022-12-29 10:26:45 [cluster-ClusterId{value='63ad08f3fe257746418effb6', description='null'}-ac-g67d8iu-shard-00-00.7hkjpog.mongodb.net:27017] INFO  org.mongodb.driver.cluster - Monitor thread successfully connected to server with description ServerDescription{address=ac-g67d8iu-shard-00-00.7hkjpog.mongodb.net:27017, type=REPLICA_SET_SECONDARY, state=CONNECTED, ok=true, minWireVersion=0, maxWireVersion=13, maxDocumentSize=16777216, logicalSessionTimeoutMinutes=30, roundTripTimeNanos=516321009, setName='atlas-qln38k-shard-0', canonicalAddress=ac-g67d8iu-shard-00-00.7hkjpog.mongodb.net:27017, hosts=[ac-g67d8iu-shard-00-00.7hkjpog.mongodb.net:27017, ac-g67d8iu-shard-00-01.7hkjpog.mongodb.net:27017, ac-g67d8iu-shard-00-02.7hkjpog.mongodb.net:27017], passives=[], arbiters=[], primary='ac-g67d8iu-shard-00-02.7hkjpog.mongodb.net:27017', tagSet=TagSet{[Tag{name='nodeType', value='ELECTABLE'}, Tag{name='provider', value='AWS'}, Tag{name='region', value='AP_EAST_1'}, Tag{name='workloadType', value='OPERATIONAL'}]}, electionId=null, setVersion=2, topologyVersion=TopologyVersion{processId=637cd6bc7c452a27c1731728, counter=4}, lastWriteDate=Thu Dec 29 10:26:44 ICT 2022, lastUpdateTimeNanos=3892692706810}
2022-12-29 10:26:45 [cluster-ClusterId{value='63ad08f3fe257746418effb6', description='null'}-ac-g67d8iu-shard-00-01.7hkjpog.mongodb.net:27017] INFO  org.mongodb.driver.cluster - Monitor thread successfully connected to server with description ServerDescription{address=ac-g67d8iu-shard-00-01.7hkjpog.mongodb.net:27017, type=REPLICA_SET_SECONDARY, state=CONNECTED, ok=true, minWireVersion=0, maxWireVersion=13, maxDocumentSize=16777216, logicalSessionTimeoutMinutes=30, roundTripTimeNanos=519893525, setName='atlas-qln38k-shard-0', canonicalAddress=ac-g67d8iu-shard-00-01.7hkjpog.mongodb.net:27017, hosts=[ac-g67d8iu-shard-00-00.7hkjpog.mongodb.net:27017, ac-g67d8iu-shard-00-01.7hkjpog.mongodb.net:27017, ac-g67d8iu-shard-00-02.7hkjpog.mongodb.net:27017], passives=[], arbiters=[], primary='ac-g67d8iu-shard-00-02.7hkjpog.mongodb.net:27017', tagSet=TagSet{[Tag{name='nodeType', value='ELECTABLE'}, Tag{name='provider', value='AWS'}, Tag{name='region', value='AP_EAST_1'}, Tag{name='workloadType', value='OPERATIONAL'}]}, electionId=null, setVersion=2, topologyVersion=TopologyVersion{processId=637cd763c74c695eeb830f5b, counter=3}, lastWriteDate=Thu Dec 29 10:26:44 ICT 2022, lastUpdateTimeNanos=3892696272355}
2022-12-29 10:26:45 [cluster-ClusterId{value='63ad08f3fe257746418effb6', description='null'}-ac-g67d8iu-shard-00-02.7hkjpog.mongodb.net:27017] INFO  org.mongodb.driver.cluster - Setting max election id to 7fffffff0000000000000017 from replica set primary ac-g67d8iu-shard-00-02.7hkjpog.mongodb.net:27017
2022-12-29 10:26:45 [cluster-ClusterId{value='63ad08f3fe257746418effb6', description='null'}-ac-g67d8iu-shard-00-02.7hkjpog.mongodb.net:27017] INFO  org.mongodb.driver.cluster - Setting max set version to 2 from replica set primary ac-g67d8iu-shard-00-02.7hkjpog.mongodb.net:27017
2022-12-29 10:26:45 [cluster-ClusterId{value='63ad08f3fe257746418effb6', description='null'}-ac-g67d8iu-shard-00-02.7hkjpog.mongodb.net:27017] INFO  org.mongodb.driver.cluster - Discovered replica set primary ac-g67d8iu-shard-00-02.7hkjpog.mongodb.net:27017
2022-12-29 10:26:45 [restartedMain] INFO  s.d.s.w.PropertySourcedRequestMappingHandlerMapping - Mapped URL path [/v2/api-docs] onto method [springfox.documentation.swagger2.web.Swagger2Controller#getDocumentation(String, HttpServletRequest)]
2022-12-29 10:26:46 [restartedMain] INFO  o.s.s.web.DefaultSecurityFilterChain - Will secure any request with [org.springframework.security.web.context.request.async.WebAsyncManagerIntegrationFilter@516e5fe4, org.springframework.security.web.context.SecurityContextPersistenceFilter@16d0e507, org.springframework.security.web.header.HeaderWriterFilter@775f0019, org.springframework.web.filter.CorsFilter@2521166d, org.springframework.security.web.authentication.logout.LogoutFilter@22b6485c, com.ute.sportswearbe.securities.JwtTokenFilter@4d5f2bbc, org.springframework.security.web.savedrequest.RequestCacheAwareFilter@43e8adef, org.springframework.security.web.servletapi.SecurityContextHolderAwareRequestFilter@1c24075, org.springframework.security.web.authentication.AnonymousAuthenticationFilter@402e2b38, org.springframework.security.web.session.SessionManagementFilter@6203a75f, org.springframework.security.web.access.ExceptionTranslationFilter@4a8594eb, org.springframework.security.web.access.intercept.FilterSecurityInterceptor@34e8ad95]
2022-12-29 10:26:46 [restartedMain] WARN  o.s.b.a.f.FreeMarkerAutoConfiguration - Cannot find template location(s): [classpath:/templates/] (please add some templates, check your FreeMarker configuration, or set spring.freemarker.checkTemplateLocation=false)
2022-12-29 10:26:46 [restartedMain] INFO  o.s.b.w.e.tomcat.TomcatWebServer - Tomcat started on port(s): 8080 (http) with context path ''
2022-12-29 10:26:46 [restartedMain] INFO  s.d.s.w.p.DocumentationPluginsBootstrapper - Context refreshed
2022-12-29 10:26:46 [restartedMain] INFO  s.d.s.w.p.DocumentationPluginsBootstrapper - Found 1 custom documentation plugin(s)
2022-12-29 10:26:46 [restartedMain] INFO  s.d.s.w.s.ApiListingReferenceScanner - Scanning for api listing references
2022-12-29 10:26:46 [restartedMain] INFO  s.d.s.w.r.o.CachingOperationNameGenerator - Generating unique operation named: getProductPagingUsingGET_1
2022-12-29 10:26:47 [restartedMain] INFO  c.u.s.SportswearBeApplication - Started SportswearBeApplication in 7.473 seconds (JVM running for 8.648)
2022-12-29 10:26:47 [restartedMain] INFO  org.mongodb.driver.connection - Opened connection [connectionId{localValue:7, serverValue:738803}] to ac-g67d8iu-shard-00-02.7hkjpog.mongodb.net:27017
2022-12-29 10:26:53 [http-nio-8080-exec-1] INFO  o.a.c.c.C.[Tomcat].[localhost].[/] - Initializing Spring DispatcherServlet 'dispatcherServlet'
2022-12-29 10:26:53 [http-nio-8080-exec-1] INFO  o.s.web.servlet.DispatcherServlet - Initializing Servlet 'dispatcherServlet'
2022-12-29 10:26:53 [http-nio-8080-exec-1] INFO  o.s.web.servlet.DispatcherServlet - Completed initialization in 3 ms
2022-12-29 10:28:39 [restartedMain] INFO  c.u.s.SportswearBeApplication - Starting SportswearBeApplication using Java 1.8.0_352 on zero-Inspiron-7537 with PID 14240 (/home/zero/Workspace/courses/kltn/sportswear-be/target/classes started by zero in /home/zero/Workspace/courses/kltn/sportswear-be)
2022-12-29 10:28:39 [restartedMain] INFO  c.u.s.SportswearBeApplication - No active profile set, falling back to 1 default profile: "default"
2022-12-29 10:28:39 [restartedMain] INFO  o.s.b.d.e.DevToolsPropertyDefaultsPostProcessor - Devtools property defaults active! Set 'spring.devtools.add-properties' to 'false' to disable
2022-12-29 10:28:39 [restartedMain] INFO  o.s.b.d.e.DevToolsPropertyDefaultsPostProcessor - For additional web related logging consider setting the 'logging.level.web' property to 'DEBUG'
2022-12-29 10:28:43 [restartedMain] INFO  o.s.d.r.c.RepositoryConfigurationDelegate - Bootstrapping Spring Data MongoDB repositories in DEFAULT mode.
2022-12-29 10:28:43 [restartedMain] INFO  o.s.d.r.c.RepositoryConfigurationDelegate - Finished Spring Data repository scanning in 174 ms. Found 5 MongoDB repository interfaces.
2022-12-29 10:28:44 [restartedMain] INFO  o.s.b.w.e.tomcat.TomcatWebServer - Tomcat initialized with port(s): 8080 (http)
2022-12-29 10:28:44 [restartedMain] INFO  o.a.c.core.AprLifecycleListener - Loaded Apache Tomcat Native library [1.2.31] using APR version [1.7.0].
2022-12-29 10:28:44 [restartedMain] INFO  o.a.c.core.AprLifecycleListener - APR capabilities: IPv6 [true], sendfile [true], accept filters [false], random [true], UDS [true].
2022-12-29 10:28:44 [restartedMain] INFO  o.a.c.core.AprLifecycleListener - APR/OpenSSL configuration: useAprConnector [false], useOpenSSL [true]
2022-12-29 10:28:44 [restartedMain] INFO  o.a.c.core.AprLifecycleListener - OpenSSL successfully initialized [OpenSSL 3.0.2 15 Mar 2022]
2022-12-29 10:28:44 [restartedMain] INFO  o.a.catalina.core.StandardService - Starting service [Tomcat]
2022-12-29 10:28:44 [restartedMain] INFO  o.a.catalina.core.StandardEngine - Starting Servlet engine: [Apache Tomcat/9.0.62]
2022-12-29 10:28:44 [restartedMain] INFO  o.a.c.c.C.[Tomcat].[localhost].[/] - Initializing Spring embedded WebApplicationContext
2022-12-29 10:28:44 [restartedMain] INFO  o.s.b.w.s.c.ServletWebServerApplicationContext - Root WebApplicationContext: initialization completed in 4379 ms
2022-12-29 10:28:44 [restartedMain] INFO  org.mongodb.driver.cluster - Cluster created with settings {hosts=[127.0.0.1:27017], srvHost=cluster0.7hkjpog.mongodb.net, mode=MULTIPLE, requiredClusterType=REPLICA_SET, serverSelectionTimeout='30000 ms', requiredReplicaSetName='atlas-qln38k-shard-0'}
2022-12-29 10:28:44 [cluster-ClusterId{value='63ad096c58a5860909d0b539', description='null'}-srv-cluster0.7hkjpog.mongodb.net] INFO  org.mongodb.driver.cluster - Adding discovered server ac-g67d8iu-shard-00-00.7hkjpog.mongodb.net:27017 to client view of cluster
2022-12-29 10:28:44 [cluster-ClusterId{value='63ad096c58a5860909d0b539', description='null'}-srv-cluster0.7hkjpog.mongodb.net] INFO  org.mongodb.driver.cluster - Adding discovered server ac-g67d8iu-shard-00-02.7hkjpog.mongodb.net:27017 to client view of cluster
2022-12-29 10:28:44 [cluster-ClusterId{value='63ad096c58a5860909d0b539', description='null'}-srv-cluster0.7hkjpog.mongodb.net] INFO  org.mongodb.driver.cluster - Adding discovered server ac-g67d8iu-shard-00-01.7hkjpog.mongodb.net:27017 to client view of cluster
2022-12-29 10:28:45 [restartedMain] INFO  o.s.b.d.a.OptionalLiveReloadServer - LiveReload server is running on port 35729
2022-12-29 10:28:45 [cluster-rtt-ClusterId{value='63ad096c58a5860909d0b539', description='null'}-ac-g67d8iu-shard-00-00.7hkjpog.mongodb.net:27017] INFO  org.mongodb.driver.connection - Opened connection [connectionId{localValue:3, serverValue:728436}] to ac-g67d8iu-shard-00-00.7hkjpog.mongodb.net:27017
2022-12-29 10:28:45 [cluster-rtt-ClusterId{value='63ad096c58a5860909d0b539', description='null'}-ac-g67d8iu-shard-00-01.7hkjpog.mongodb.net:27017] INFO  org.mongodb.driver.connection - Opened connection [connectionId{localValue:6, serverValue:726527}] to ac-g67d8iu-shard-00-01.7hkjpog.mongodb.net:27017
2022-12-29 10:28:45 [cluster-rtt-ClusterId{value='63ad096c58a5860909d0b539', description='null'}-ac-g67d8iu-shard-00-02.7hkjpog.mongodb.net:27017] INFO  org.mongodb.driver.connection - Opened connection [connectionId{localValue:4, serverValue:738880}] to ac-g67d8iu-shard-00-02.7hkjpog.mongodb.net:27017
2022-12-29 10:28:45 [cluster-ClusterId{value='63ad096c58a5860909d0b539', description='null'}-ac-g67d8iu-shard-00-01.7hkjpog.mongodb.net:27017] INFO  org.mongodb.driver.connection - Opened connection [connectionId{localValue:5, serverValue:726527}] to ac-g67d8iu-shard-00-01.7hkjpog.mongodb.net:27017
2022-12-29 10:28:45 [cluster-ClusterId{value='63ad096c58a5860909d0b539', description='null'}-ac-g67d8iu-shard-00-00.7hkjpog.mongodb.net:27017] INFO  org.mongodb.driver.connection - Opened connection [connectionId{localValue:1, serverValue:728436}] to ac-g67d8iu-shard-00-00.7hkjpog.mongodb.net:27017
2022-12-29 10:28:45 [cluster-ClusterId{value='63ad096c58a5860909d0b539', description='null'}-ac-g67d8iu-shard-00-01.7hkjpog.mongodb.net:27017] INFO  org.mongodb.driver.cluster - Monitor thread successfully connected to server with description ServerDescription{address=ac-g67d8iu-shard-00-01.7hkjpog.mongodb.net:27017, type=REPLICA_SET_SECONDARY, state=CONNECTED, ok=true, minWireVersion=0, maxWireVersion=13, maxDocumentSize=16777216, logicalSessionTimeoutMinutes=30, roundTripTimeNanos=512635051, setName='atlas-qln38k-shard-0', canonicalAddress=ac-g67d8iu-shard-00-01.7hkjpog.mongodb.net:27017, hosts=[ac-g67d8iu-shard-00-00.7hkjpog.mongodb.net:27017, ac-g67d8iu-shard-00-01.7hkjpog.mongodb.net:27017, ac-g67d8iu-shard-00-02.7hkjpog.mongodb.net:27017], passives=[], arbiters=[], primary='ac-g67d8iu-shard-00-02.7hkjpog.mongodb.net:27017', tagSet=TagSet{[Tag{name='nodeType', value='ELECTABLE'}, Tag{name='provider', value='AWS'}, Tag{name='region', value='AP_EAST_1'}, Tag{name='workloadType', value='OPERATIONAL'}]}, electionId=null, setVersion=2, topologyVersion=TopologyVersion{processId=637cd763c74c695eeb830f5b, counter=3}, lastWriteDate=Thu Dec 29 10:28:45 ICT 2022, lastUpdateTimeNanos=4013570078271}
2022-12-29 10:28:45 [cluster-ClusterId{value='63ad096c58a5860909d0b539', description='null'}-ac-g67d8iu-shard-00-00.7hkjpog.mongodb.net:27017] INFO  org.mongodb.driver.cluster - Monitor thread successfully connected to server with description ServerDescription{address=ac-g67d8iu-shard-00-00.7hkjpog.mongodb.net:27017, type=REPLICA_SET_SECONDARY, state=CONNECTED, ok=true, minWireVersion=0, maxWireVersion=13, maxDocumentSize=16777216, logicalSessionTimeoutMinutes=30, roundTripTimeNanos=520768477, setName='atlas-qln38k-shard-0', canonicalAddress=ac-g67d8iu-shard-00-00.7hkjpog.mongodb.net:27017, hosts=[ac-g67d8iu-shard-00-00.7hkjpog.mongodb.net:27017, ac-g67d8iu-shard-00-01.7hkjpog.mongodb.net:27017, ac-g67d8iu-shard-00-02.7hkjpog.mongodb.net:27017], passives=[], arbiters=[], primary='ac-g67d8iu-shard-00-02.7hkjpog.mongodb.net:27017', tagSet=TagSet{[Tag{name='nodeType', value='ELECTABLE'}, Tag{name='provider', value='AWS'}, Tag{name='region', value='AP_EAST_1'}, Tag{name='workloadType', value='OPERATIONAL'}]}, electionId=null, setVersion=2, topologyVersion=TopologyVersion{processId=637cd6bc7c452a27c1731728, counter=4}, lastWriteDate=Thu Dec 29 10:28:45 ICT 2022, lastUpdateTimeNanos=4013571406113}
2022-12-29 10:28:45 [cluster-ClusterId{value='63ad096c58a5860909d0b539', description='null'}-ac-g67d8iu-shard-00-02.7hkjpog.mongodb.net:27017] INFO  org.mongodb.driver.connection - Opened connection [connectionId{localValue:2, serverValue:738878}] to ac-g67d8iu-shard-00-02.7hkjpog.mongodb.net:27017
2022-12-29 10:28:45 [cluster-ClusterId{value='63ad096c58a5860909d0b539', description='null'}-ac-g67d8iu-shard-00-02.7hkjpog.mongodb.net:27017] INFO  org.mongodb.driver.cluster - Monitor thread successfully connected to server with description ServerDescription{address=ac-g67d8iu-shard-00-02.7hkjpog.mongodb.net:27017, type=REPLICA_SET_PRIMARY, state=CONNECTED, ok=true, minWireVersion=0, maxWireVersion=13, maxDocumentSize=16777216, logicalSessionTimeoutMinutes=30, roundTripTimeNanos=558020068, setName='atlas-qln38k-shard-0', canonicalAddress=ac-g67d8iu-shard-00-02.7hkjpog.mongodb.net:27017, hosts=[ac-g67d8iu-shard-00-00.7hkjpog.mongodb.net:27017, ac-g67d8iu-shard-00-01.7hkjpog.mongodb.net:27017, ac-g67d8iu-shard-00-02.7hkjpog.mongodb.net:27017], passives=[], arbiters=[], primary='ac-g67d8iu-shard-00-02.7hkjpog.mongodb.net:27017', tagSet=TagSet{[Tag{name='nodeType', value='ELECTABLE'}, Tag{name='provider', value='AWS'}, Tag{name='region', value='AP_EAST_1'}, Tag{name='workloadType', value='OPERATIONAL'}]}, electionId=7fffffff0000000000000017, setVersion=2, topologyVersion=TopologyVersion{processId=637cd710853929b347c52850, counter=6}, lastWriteDate=Thu Dec 29 10:28:45 ICT 2022, lastUpdateTimeNanos=4013608657730}
2022-12-29 10:28:45 [cluster-ClusterId{value='63ad096c58a5860909d0b539', description='null'}-ac-g67d8iu-shard-00-02.7hkjpog.mongodb.net:27017] INFO  org.mongodb.driver.cluster - Setting max election id to 7fffffff0000000000000017 from replica set primary ac-g67d8iu-shard-00-02.7hkjpog.mongodb.net:27017
2022-12-29 10:28:45 [cluster-ClusterId{value='63ad096c58a5860909d0b539', description='null'}-ac-g67d8iu-shard-00-02.7hkjpog.mongodb.net:27017] INFO  org.mongodb.driver.cluster - Setting max set version to 2 from replica set primary ac-g67d8iu-shard-00-02.7hkjpog.mongodb.net:27017
2022-12-29 10:28:45 [cluster-ClusterId{value='63ad096c58a5860909d0b539', description='null'}-ac-g67d8iu-shard-00-02.7hkjpog.mongodb.net:27017] INFO  org.mongodb.driver.cluster - Discovered replica set primary ac-g67d8iu-shard-00-02.7hkjpog.mongodb.net:27017
2022-12-29 10:28:46 [restartedMain] INFO  s.d.s.w.PropertySourcedRequestMappingHandlerMapping - Mapped URL path [/v2/api-docs] onto method [springfox.documentation.swagger2.web.Swagger2Controller#getDocumentation(String, HttpServletRequest)]
2022-12-29 10:28:46 [restartedMain] INFO  o.s.s.web.DefaultSecurityFilterChain - Will secure any request with [org.springframework.security.web.context.request.async.WebAsyncManagerIntegrationFilter@2fb491dc, org.springframework.security.web.context.SecurityContextPersistenceFilter@573114eb, org.springframework.security.web.header.HeaderWriterFilter@75068b53, org.springframework.web.filter.CorsFilter@587d318e, org.springframework.security.web.authentication.logout.LogoutFilter@432785d2, com.ute.sportswearbe.securities.JwtTokenFilter@28902755, org.springframework.security.web.savedrequest.RequestCacheAwareFilter@65349232, org.springframework.security.web.servletapi.SecurityContextHolderAwareRequestFilter@23779233, org.springframework.security.web.authentication.AnonymousAuthenticationFilter@44d8d133, org.springframework.security.web.session.SessionManagementFilter@7cd4e28f, org.springframework.security.web.access.ExceptionTranslationFilter@62cabd4f, org.springframework.security.web.access.intercept.FilterSecurityInterceptor@12354e4e]
2022-12-29 10:28:47 [restartedMain] WARN  o.s.b.a.f.FreeMarkerAutoConfiguration - Cannot find template location(s): [classpath:/templates/] (please add some templates, check your FreeMarker configuration, or set spring.freemarker.checkTemplateLocation=false)
2022-12-29 10:28:47 [restartedMain] INFO  o.s.b.w.e.tomcat.TomcatWebServer - Tomcat started on port(s): 8080 (http) with context path ''
2022-12-29 10:28:47 [restartedMain] INFO  s.d.s.w.p.DocumentationPluginsBootstrapper - Context refreshed
2022-12-29 10:28:47 [restartedMain] INFO  s.d.s.w.p.DocumentationPluginsBootstrapper - Found 1 custom documentation plugin(s)
2022-12-29 10:28:47 [restartedMain] INFO  s.d.s.w.s.ApiListingReferenceScanner - Scanning for api listing references
2022-12-29 10:28:47 [restartedMain] INFO  s.d.s.w.r.o.CachingOperationNameGenerator - Generating unique operation named: getProductPagingUsingGET_1
2022-12-29 10:28:47 [restartedMain] INFO  c.u.s.SportswearBeApplication - Started SportswearBeApplication in 9.608 seconds (JVM running for 10.797)
2022-12-29 10:28:48 [restartedMain] INFO  org.mongodb.driver.connection - Opened connection [connectionId{localValue:7, serverValue:738880}] to ac-g67d8iu-shard-00-02.7hkjpog.mongodb.net:27017
2022-12-29 10:28:52 [http-nio-8080-exec-1] INFO  o.a.c.c.C.[Tomcat].[localhost].[/] - Initializing Spring DispatcherServlet 'dispatcherServlet'
2022-12-29 10:28:52 [http-nio-8080-exec-1] INFO  o.s.web.servlet.DispatcherServlet - Initializing Servlet 'dispatcherServlet'
2022-12-29 10:28:52 [http-nio-8080-exec-1] INFO  o.s.web.servlet.DispatcherServlet - Completed initialization in 3 ms
